<?xml version="1.0" encoding="UTF-8"?>
<coverage generated="1748454498790" clover="3.2.0">
  <project timestamp="1748454498790" name="All files">
    <metrics statements="11" coveredstatements="8" conditionals="4" coveredconditionals="1" methods="2" coveredmethods="1" elements="17" coveredelements="10" complexity="0" loc="11" ncloc="11" packages="1" files="1" classes="1"/>
    <file name="server.js" path="C:\Users\brend\Downloads\DevOpsPipelinewithJenkins\src\server.js">
      <metrics statements="11" coveredstatements="8" conditionals="4" coveredconditionals="1" methods="2" coveredmethods="1"/>
      <line num="1" count="1" type="stmt"/>
      <line num="2" count="1" type="stmt"/>
      <line num="3" count="1" type="stmt"/>
      <line num="5" count="1" type="stmt"/>
      <line num="7" count="1" type="stmt"/>
      <line num="8" count="1" type="stmt"/>
      <line num="11" count="1" type="cond" truecount="1" falsecount="1"/>
      <line num="12" count="0" type="cond" truecount="0" falsecount="2"/>
      <line num="13" count="0" type="stmt"/>
      <line num="14" count="0" type="stmt"/>
      <line num="18" count="1" type="stmt"/>
    </file>
  </project>
</coverage>
